#
# There is insufficient memory for the Java Runtime Environment to continue.
# Native memory allocation (mmap) failed to map 268435456 bytes for G1 virtual space
# Possible reasons:
#   The system is out of physical RAM or swap space
#   The process is running with CompressedOops enabled, and the Java Heap may be blocking the growth of the native heap
# Possible solutions:
#   Reduce memory load on the system
#   Increase physical memory or swap space
#   Check if swap backing store is full
#   Decrease Java heap size (-Xmx/-Xms)
#   Decrease number of Java threads
#   Decrease Java thread stack sizes (-Xss)
#   Set larger code cache with -XX:ReservedCodeCacheSize=
#   JVM is running with Zero Based Compressed Oops mode in which the Java heap is
#     placed in the first 32GB address space. The Java Heap base address is the
#     maximum limit for the native heap growth. Please use -XX:HeapBaseMinAddress
#     to set the Java Heap base and to place the Java Heap above 32GB virtual address.
# This output file may be truncated or incomplete.
#
#  Out of Memory Error (os_windows.cpp:3536), pid=10576, tid=25312
#
# JRE version:  (19.0.2+7) (build )
# Java VM: OpenJDK 64-Bit Server VM (19.0.2+7-44, mixed mode, sharing, tiered, compressed oops, compressed class ptrs, g1 gc, windows-amd64)
# No core dump will be written. Minidumps are not enabled by default on client versions of Windows
#

---------------  S U M M A R Y ------------

Command Line: -Dfile.encoding=windows-1252 -Duser.country=MX -Duser.language=es -Duser.variant com.bytecode.bytecodeecommerce.BytecodeEcommerceApplication

Host: Intel(R) Core(TM) i3-10100F CPU @ 3.60GHz, 8 cores, 15G,  Windows 11 , 64 bit Build 22621 (10.0.22621.2428)
Time: Sun Oct 22 20:11:54 2023 Hora estándar, América Central elapsed time: 0.017095 seconds (0d 0h 0m 0s)

---------------  T H R E A D  ---------------

Current thread (0x00000276450d1480):  JavaThread "Unknown thread" [_thread_in_vm, id=25312, stack(0x000000cf3bf00000,0x000000cf3c000000)]

Stack: [0x000000cf3bf00000,0x000000cf3c000000]
Native frames: (J=compiled Java code, j=interpreted, Vv=VM code, C=native code)
V  [jvm.dll+0x6ee21a]
V  [jvm.dll+0x85765e]
V  [jvm.dll+0x85904e]
V  [jvm.dll+0x859703]
V  [jvm.dll+0x28298f]
V  [jvm.dll+0x6eb009]
V  [jvm.dll+0x6dfbaa]
V  [jvm.dll+0x3573f6]
V  [jvm.dll+0x35ee56]
V  [jvm.dll+0x3b541e]
V  [jvm.dll+0x3b564f]
V  [jvm.dll+0x32c9ea]
V  [jvm.dll+0x32d89e]
V  [jvm.dll+0x821780]
V  [jvm.dll+0x3c2661]
V  [jvm.dll+0x801f51]
V  [jvm.dll+0x44ae8f]
V  [jvm.dll+0x44c811]
C  [jli.dll+0x5287]
C  [ucrtbase.dll+0x29363]
C  [KERNEL32.DLL+0x1257d]
C  [ntdll.dll+0x5aa78]


---------------  P R O C E S S  ---------------

Threads class SMR info:
_java_thread_list=0x00007ff9c931d048, length=0, elements={
}

Java Threads: ( => current thread )

Other Threads:
  0x0000027645143670 WorkerThread "GC Thread#0" [stack: 0x000000cf3c000000,0x000000cf3c100000] [id=14768]
  0x00000276451544a0 ConcurrentGCThread "G1 Main Marker" [stack: 0x000000cf3c100000,0x000000cf3c200000] [id=24884]
  0x0000027645154ed0 WorkerThread "G1 Conc#0" [stack: 0x000000cf3c200000,0x000000cf3c300000] [id=20476]

[error occurred during error reporting (printing all threads), id 0xc0000005, EXCEPTION_ACCESS_VIOLATION (0xc0000005) at pc=0x00007ff9c8add427]

VM state: not at safepoint (not fully initialized)

VM Mutex/Monitor currently owned by a thread:  ([mutex/lock_event])
[0x00000276450cce90] Heap_lock - owner thread: 0x00000276450d1480

Heap address: 0x0000000701200000, size: 4078 MB, Compressed Oops mode: Zero based, Oop shift amount: 3

CDS archive(s) mapped at: [0x0000000000000000-0x0000000000000000-0x0000000000000000), size 0, SharedBaseAddress: 0x0000000800000000, ArchiveRelocationMode: 0.
Narrow klass base: 0x0000000000000000, Narrow klass shift: 0, Narrow klass range: 0x0

GC Precious Log:
 CardTable entry size: 512
 Card Set container configuration: InlinePtr #cards 4 size 8 Array Of Cards #cards 16 size 48 Howl #buckets 8 coarsen threshold 3686 Howl Bitmap #cards 512 size 80 coarsen threshold 460 Card regions per heap region 1 cards per card region 4096

Heap:
 garbage-first heap   total 0K, used 0K [0x0000000701200000, 0x0000000800000000)
  region size 2048K, 0 young (0K), 0 survivors (0K)

[error occurred during error reporting (printing heap information), id 0xc0000005, EXCEPTION_ACCESS_VIOLATION (0xc0000005) at pc=0x00007ff9c8ee6649]

GC Heap History (0 events):
No events

Dll operation events (1 events):
Event: 0.012 Loaded shared library C:\Users\Home\.jdks\jdk-19.0.2\bin\java.dll

Deoptimization events (0 events):
No events

Classes loaded (0 events):
No events

Classes unloaded (0 events):
No events

Classes redefined (0 events):
No events

Internal exceptions (0 events):
No events

VM Operations (0 events):
No events

Events (0 events):
No events


Dynamic libraries:
0x00007ff6b6860000 - 0x00007ff6b686e000 	C:\Users\Home\.jdks\jdk-19.0.2\bin\java.exe
0x00007ffa859b0000 - 0x00007ffa85bc7000 	C:\WINDOWS\SYSTEM32\ntdll.dll
0x00007ffa85320000 - 0x00007ffa853e4000 	C:\WINDOWS\System32\KERNEL32.DLL
0x00007ffa82ea0000 - 0x00007ffa83246000 	C:\WINDOWS\System32\KERNELBASE.dll
0x00007ffa835f0000 - 0x00007ffa83701000 	C:\WINDOWS\System32\ucrtbase.dll
0x00007ffa6bfa0000 - 0x00007ffa6bfb7000 	C:\Users\Home\.jdks\jdk-19.0.2\bin\jli.dll
0x00007ffa83a00000 - 0x00007ffa83bad000 	C:\WINDOWS\System32\USER32.dll
0x00007ffa82db0000 - 0x00007ffa82dd6000 	C:\WINDOWS\System32\win32u.dll
0x00007ffa84a20000 - 0x00007ffa84a49000 	C:\WINDOWS\System32\GDI32.dll
0x00007ffa834d0000 - 0x00007ffa835e8000 	C:\WINDOWS\System32\gdi32full.dll
0x00007ffa83250000 - 0x00007ffa832ea000 	C:\WINDOWS\System32\msvcp_win.dll
0x00007ffa74e30000 - 0x00007ffa74e4b000 	C:\Users\Home\.jdks\jdk-19.0.2\bin\VCRUNTIME140.dll
0x00007ffa6c120000 - 0x00007ffa6c3b3000 	C:\WINDOWS\WinSxS\amd64_microsoft.windows.common-controls_6595b64144ccf1df_6.0.22621.2361_none_2712ced57382f843\COMCTL32.dll
0x00007ffa83f30000 - 0x00007ffa83fd7000 	C:\WINDOWS\System32\msvcrt.dll
0x00007ffa83fe0000 - 0x00007ffa84011000 	C:\WINDOWS\System32\IMM32.DLL
0x00007ffa74aa0000 - 0x00007ffa74aac000 	C:\Users\Home\.jdks\jdk-19.0.2\bin\vcruntime140_1.dll
0x00007ffa4df00000 - 0x00007ffa4df8e000 	C:\Users\Home\.jdks\jdk-19.0.2\bin\msvcp140.dll
0x00007ff9c87a0000 - 0x00007ff9c9460000 	C:\Users\Home\.jdks\jdk-19.0.2\bin\server\jvm.dll
0x00007ffa83bc0000 - 0x00007ffa83c70000 	C:\WINDOWS\System32\ADVAPI32.dll
0x00007ffa853f0000 - 0x00007ffa85496000 	C:\WINDOWS\System32\sechost.dll
0x00007ffa84f60000 - 0x00007ffa85077000 	C:\WINDOWS\System32\RPCRT4.dll
0x00007ffa7e0d0000 - 0x00007ffa7e0d9000 	C:\WINDOWS\SYSTEM32\WSOCK32.dll
0x00007ffa83710000 - 0x00007ffa83781000 	C:\WINDOWS\System32\WS2_32.dll
0x00007ffa7a1d0000 - 0x00007ffa7a204000 	C:\WINDOWS\SYSTEM32\WINMM.dll
0x00007ffa7c9d0000 - 0x00007ffa7c9da000 	C:\WINDOWS\SYSTEM32\VERSION.dll
0x00007ffa81dc0000 - 0x00007ffa81dd8000 	C:\WINDOWS\SYSTEM32\kernel.appcore.dll
0x00007ffa6bf90000 - 0x00007ffa6bf9a000 	C:\Users\Home\.jdks\jdk-19.0.2\bin\jimage.dll
0x00007ffa76360000 - 0x00007ffa7658e000 	C:\WINDOWS\SYSTEM32\DBGHELP.DLL
0x00007ffa854a0000 - 0x00007ffa8582a000 	C:\WINDOWS\System32\combase.dll
0x00007ffa85830000 - 0x00007ffa85907000 	C:\WINDOWS\System32\OLEAUT32.dll
0x00007ffa78cc0000 - 0x00007ffa78cf2000 	C:\WINDOWS\SYSTEM32\dbgcore.DLL
0x00007ffa82d30000 - 0x00007ffa82daa000 	C:\WINDOWS\System32\bcryptPrimitives.dll
0x00007ffa670e0000 - 0x00007ffa67106000 	C:\Users\Home\.jdks\jdk-19.0.2\bin\java.dll

dbghelp: loaded successfully - version: 4.0.5 - missing functions: none
symbol engine: initialized successfully - sym options: 0x614 - pdb path: .;C:\Users\Home\.jdks\jdk-19.0.2\bin;C:\WINDOWS\SYSTEM32;C:\WINDOWS\WinSxS\amd64_microsoft.windows.common-controls_6595b64144ccf1df_6.0.22621.2361_none_2712ced57382f843;C:\Users\Home\.jdks\jdk-19.0.2\bin\server

VM Arguments:
jvm_args: -Dfile.encoding=windows-1252 -Duser.country=MX -Duser.language=es -Duser.variant 
java_command: com.bytecode.bytecodeecommerce.BytecodeEcommerceApplication
java_class_path (initial): D:\Descargas\bytecode-ecommerce\bytecode-ecommerce\build\classes\java\main;D:\Descargas\bytecode-ecommerce\bytecode-ecommerce\build\resources\main;C:\Users\Home\.gradle\caches\modules-2\files-2.1\org.springframework.boot\spring-boot-starter-data-jpa\3.1.4\f01d5f2ecbfef3159879c4a8450b49620ffb96c\spring-boot-starter-data-jpa-3.1.4.jar;C:\Users\Home\.gradle\caches\modules-2\files-2.1\org.springframework.boot\spring-boot-starter-validation\3.1.4\cc8321cfdf6c916d53f693a394a11e1a9b009220\spring-boot-starter-validation-3.1.4.jar;C:\Users\Home\.gradle\caches\modules-2\files-2.1\org.springframework.boot\spring-boot-starter-web\3.1.4\a0da0751207173c93f9e92e74cae430b53544576\spring-boot-starter-web-3.1.4.jar;C:\Users\Home\.gradle\caches\modules-2\files-2.1\org.springframework.boot\spring-boot-starter-security\3.1.4\1c1ab40bcb9037a32b6f4dc9d48d705d9d0679fa\spring-boot-starter-security-3.1.4.jar;C:\Users\Home\.gradle\caches\modules-2\files-2.1\io.jsonwebtoken\jjwt-impl\0.12.2\96d84dd3f264c9627962b4fdba5f419e60a3f2\jjwt-impl-0.12.2.jar;C:\Users\Home\.gradle\caches\modules-2\files-2.1\io.jsonwebtoken\jjwt-jackson\0.12.2\5ba7e38addfa568805c51a120d955c7005055cdf\jjwt-jackson-0.12.2.jar;C:\Users\Home\.gradle\caches\modules-2\files-2.1\io.jsonwebtoken\jjwt-api\0.12.2\edc4b91fc23926c6220e807ea850675c1dee1003\jjwt-api-0.12.2.jar;C:\Users\Home\.gradle\caches\modules-2\files-2.1\org.springdoc\springdoc-openapi-starter-webmvc-ui\2.2.0\178d8ed6714d78b8b475c45bc60642a9232fcb70\springdoc-openapi-starter-webmvc-ui-2.2.0.jar;C:\Users\Home\.gradle\caches\modules-2\files-2.1\org.springdoc\springdoc-openapi-starter-webmvc-api\2.2.0\3a7a3a7ecd2537203961d83cabc6d642f294ddb\springdoc-openapi-starter-webmvc-api-2.2.0.jar;C:\Users\Home\.gradle\caches\modules-2\files-2.1\org.springdoc\springdoc-openapi-starter-common\2.2.0\352343daae911b5d95c718c4a3c461cf94b4707b\springdoc-openapi-starter-common-2.2.0.jar;C:\Users\Home\.gradle\caches\modules-2\files-2.1\io.swagger.core.v3\swagger-core-jakarta\2.2.15\6c85064b85f895b7f0c0819d950995274c0931a4\swagger-core-jakarta-2.2.15.jar;C:\Users\Home\.gradle\caches\modules-2\files-2.1\org.apache.commons\commons-lang3\3.0\8873bd0bb5cb9ee37f1b04578eb7e26fcdd44cb0\commons-lang3-3.0.jar;C:\Users\Home\.gradle\caches\modules-2\files-2.1\com.microsoft.sqlserver\mssql-jdbc\11.2.3.jre17\cc5c8ac8f5bcfd16c40f2723a190f372aeb77609\mssql-jdbc-11.2.3.jre17.jar;C:\Users\Home\.gradle\caches\modules-2\files-2.1\org.springframework.boot\spring-boot-starter-aop\3.1.4\1842a0506c99583b5ce11525cbd3d52e719a3f8\spring-boot-starter-aop-3.1.4.jar;C:\Users\Home\.gradle\caches\modules-2\files-2.1\org.springframework.boot\spring-boot-starter-jdbc\3.1.4\d1c52a3392180c7925d32e5594a873db6c72239b\spring-boot-starter-jdbc-3.1.4.jar;C:\Users\Home\.gradle\caches\modules-2\files-2.1\org.hibernate.orm\hibernate-core\6.2.9.Final\a24ca4a5c003b6d0d9e005c6226f84cf4169bfeb\hibernate-core-6.2.9.Final.jar;C:\Users\Home\.gradle\caches\modules-2\files-2.1\org.springframework.data\spring-data-jpa\3.1.4\c51bbed97c35a0c6abced4854db85a5a5b216540\spring-data-jpa-3.1.4.jar;C:\Users\Home\.gradle\caches\modules-2\files-2.1\org.springframework\spring-aspects\6.0.12\f9f903318add53a20c0e33ead1b16abd669543f7\spring-aspects-6.0.12.jar;C:\Users\Home\.gradle\caches\modules-2\files-2.1\org.springframework.boot\spring-boot-starter-json\3.1.4\2dafafeb1ca78678a970947c51def69723c7442c\spring-boot-starter-json-3.1.4.jar;C:\Users\Home\.gradle\caches\modules-2\files-2.1\org.springframework.boot\spring-boot-starter\3.1.4\8a615e53a9f45eecc4821917b1423daa68afcf19\spring-boot-starter-3.1.4.jar;C:\Users\Home\.gradle\caches\modules-2\files-2.1\org.springframework.boot\spring-boot-starter-tomcat\3.1.4\b8f55488574671d085f8d31c137c6f6d8d79cc24\spring-boot-starter-tomcat-3.1.4.jar;C:\Users\Home\.gradle\caches\modules-2\files-2.1\org.apache.tomcat.embed\tomcat-embed-el\10.1.13\22c8845f7528334905c582e48a3eeefab616b0a5\tomcat-embed-el-10.1.13.jar;C:\Users\Home\.gradle\caches\modules-2\files-2.1\org.hibernate.validator\hibernate-validator\8.0.1.Final\e49e116b3d3928060599b176b3538bb848718e95\hibernate-validator-8.0.1.Final.jar;C:\Users\Home\.gradle\caches\modules-2\files-2.1\org.springframework\spring-webmvc\6.0.12\c7cf897d23da555a20e570d170f8f1541b04564d\spring-webmvc-6.0.12.jar;C:\Users\Home\.gradle\caches\modules-2\files-2.1\org.springframework.security\spring-security-web\6.1.4\74695832c5ae5d1e2f363ae4b7e92aaaa2c13cbb\spring-security-web-6.1.4.jar;C:\Users\Home\.gradle\caches\modules-2\files-2.1\org.springframework\spring-web\6.0.12\89a20bbd7c1f973dc246b1d790b34e0b3e28e74d\spring-web-6.0.12.jar;C:\Users\Home\.gradle\caches\modules-2\files-2.1\org.springframework.security\spring-security-config\6.1.4\912305160277572d89e2378f59eb1a4275d81c0c\spring-security-config-6.1.4.jar;C:\Users\Home\.gradle\caches\modules-2\files-2.1\org.springframework.boot\spring-boot-autoconfigure\3.1.4\ae53253f6330787f8b77a13aa90d6514597a20d0\spring-boot-autoconfigure-3.1.4.jar;C:\Users\Home\.gradle\caches\modules-2\files-2.1\org.springframework.boot\spring-boot\3.1.4\7a0a6349e28227a93f2b4efde897e87b3343bf3a\spring-boot-3.1.4.jar;C:\Users\Home\.gradle\caches\modules-2\files-2.1\org.springframework.security\spring-security-core\6.1.4\dd128f5478ae7856d61a17f8bd65adab02b99400\spring-security-core-6.1.4.jar;C:\Users\Home\.gradle\caches\modules-2\files-2.1\org.springframework\spring-context\6.0.12\f1964518e07796b2fdc1b9be2108485ffe1b4566\spring-context-6.0.12.jar;C:\Users\Home\.gradle\caches\modules-2\files-2.1\org.springframework\spring-aop\6.0.12\ba7ecdbdc2abaf172d49692b8110f65ecd2d250c\spring-aop-6.0.12.jar;C:\Users\Home\.gradle\caches\modules-2\files-2.1\org.webjars\swagger-ui\5.2.0\c48d665a3f3a5d73afa34982953d3c31acc1d1dd\swagger-ui-5.2.0.jar;C:\Users\Home\.gradle\caches\modules-2\files-2.1\com.fasterxml.jackson.datatype\jackson-datatype-jsr310\2.15.2\30d16ec2aef6d8094c5e2dce1d95034ca8b6cb42\jackson-datatype-jsr310-2.15.2.jar;C:\Users\Home\.gradle\caches\modules-2\files-2.1\com.fasterxml.jackson.module\jackson-module-parameter-names\2.15.2\75f8d2788db20f6c587c7a19e94fb6248c314241\jackson-module-parameter-names-2.15.2.jar;C:\Users\Home\.gradle\caches\modules-2\files-2.1\io.swagger.core.v3\swagger-models-jakarta\2.2.15\664bc63998b703b3e695a00f502f6091b8c7815f\swagger-models-jakarta-2.2.15.jar;C:\Users\Home\.gradle\caches\modules-2\files-2.1\com.fasterxml.jackson.core\jackson-annotations\2.15.2\4724a65ac8e8d156a24898d50fd5dbd3642870b8\jackson-annotations-2.15.2.jar;C:\Users\Home\.gradle\caches\modules-2\files-2.1\com.fasterxml.jackson.dataformat\jackson-dataformat-yaml\2.15.2\58194ff9f51915ad6bf6b6f24818232d7566418a\jackson-dataformat-yaml-2.15.2.jar;C:\Users\Home\.gradle\caches\modules-2\files-2.1\com.fasterxml.jackson.core\jackson-core\2.15.2\a6fe1836469a69b3ff66037c324d75fc66ef137c\jackson-core-2.15.2.jar;C:\Users\Home\.gradle\caches\modules-2\files-2.1\com.fasterxml.jackson.datatype\jackson-datatype-jdk8\2.15.2\66a50e089cfd2f93896b9b6f7a734cea7bcf2f31\jackson-datatype-jdk8-2.15.2.jar;C:\Users\Home\.gradle\caches\modules-2\files-2.1\com.fasterxml.jackson.core\jackson-databind\2.15.2\9353b021f10c307c00328f52090de2bdb4b6ff9c\jackson-databind-2.15.2.jar;C:\Users\Home\.gradle\caches\modules-2\files-2.1\org.aspectj\aspectjweaver\1.9.20\da562407e43f74c0f8f5f5df4065d85ec1736d01\aspectjweaver-1.9.20.jar;C:\Users\Home\.gradle\caches\modules-2\files-2.1\com.zaxxer\HikariCP\5.0.1\a74c7f0a37046846e88d54f7cb6ea6d565c65f9c\HikariCP-5.0.1.jar;C:\Users\Home\.gradle\caches\modules-2\files-2.1\org.springframework\spring-orm\6.0.12\174d73f69d878fd7ddeef9a25213d8932692a768\spring-orm-6.0.12.jar;C:\Users\Home\.gradle\caches\modules-2\files-2.1\org.springframework\spring-jdbc\6.0.12\cf14ce5078ab4b69b760ac91b2b9f23dab1e4457\spring-jdbc-6.0.12.jar;C:\Users\Home\.gradle\caches\modules-2\files-2.1\jakarta.persistence\jakarta.persistence-api\3.1.0\66901fa1c373c6aff65c13791cc11da72060a8d6\jakarta.persistence-api-3.1.0.jar;C:\Users\Home\.gradle\caches\modules-2\files-2.1\jakarta.transaction\jakarta.transaction-api\2.0.1\51a520e3fae406abb84e2e1148e6746ce3f80a1a\jakarta.transaction-api-2.0.1.jar;C:\Users\Home\.gradle\caches\modules-2\files-2.1\org.jboss.logging\jboss-logging\3.5.3.Final\c88fc1d8a96d4c3491f55d4317458ccad53ca663\jboss-logging-3.5.3.Final.jar;C:\Users\Home\.gradle\caches\modules-2\files-2.1\org.hibernate.common\hibernate-commons-annotations\6.0.6.Final\77a5f94b56d49508e0ee334751db5b78e5ccd50c\hibernate-commons-annotations-6.0.6.Final.jar;C:\Users\Home\.gradle\caches\modules-2\files-2.1\io.smallrye\jandex\3.0.5\c548a4871b552292dbdd65409d3fda145c8925c1\jandex-3.0.5.jar;C:\Users\Home\.gradle\caches\modules-2\files-2.1\com.fasterxml\classmate\1.5.1\3fe0bed568c62df5e89f4f174c101eab25345b6c\classmate-1.5.1.jar;C:\Users\Home\.gradle\caches\modules-2\files-2.1\net.bytebuddy\byte-buddy\1.14.8\505d7d8937ff00cc55db79723e26c94069b87d66\byte-buddy-1.14.8.jar;C:\Users\Home\.gradle\caches\modules-2\files-2.1\org.glassfish.jaxb\jaxb-runtime\4.0.3\93af25be25b2c92c83e0ce61cb8b3ed23568f316\jaxb-runtime-4.0.3.jar;C:\Users\Home\.gradle\caches\modules-2\files-2.1\org.glassfish.jaxb\jaxb-core\4.0.3\e9093b4a82069a1d78ee9a3233ca387bca88861f\jaxb-core-4.0.3.jar;C:\Users\Home\.gradle\caches\modules-2\files-2.1\jakarta.xml.bind\jakarta.xml.bind-api\4.0.1\ca2330866cbc624c7e5ce982e121db1125d23e15\jakarta.xml.bind-api-4.0.1.jar;C:\Users\Home\.gradle\caches\modules-2\files-2.1\jakarta.inject\jakarta.inject-api\2.0.1\4c28afe1991a941d7702fe1362c365f0a8641d1e\jakarta.inject-api-2.0.1.jar;C:\Users\Home\.gradle\caches\modules-2\files-2.1\org.antlr\antlr4-runtime\4.10.1\10839f875928f59c622d675091d51a43ea0dc5f7\antlr4-runtime-4.10.1.jar;C:\Users\Home\.gradle\caches\modules-2\files-2.1\org.springframework.data\spring-data-commons\3.1.4\7b16d91221c7f9492f63a99e97a1d907f6bf540c\spring-data-commons-3.1.4.jar;C:\Users\Home\.gradle\caches\modules-2\files-2.1\org.springframework\spring-tx\6.0.12\b4e997baac7dd14593f3e4f815e3646279e9a63f\spring-tx-6.0.12.jar;C:\Users\Home\.gradle\caches\modules-2\files-2.1\org.springframework\spring-beans\6.0.12\dfa53afbf1ab65f36c60333443ed1109ed331504\spring-beans-6.0.12.jar;C:\Users\Home\.gradle\caches\modules-2\files-2.1\org.springframework\spring-expression\6.0.12\9283ad418f06f918e834b1981998a5f62a05b355\spring-expression-6.0.12.jar;C:\Users\Home\.gradle\caches\modules-2\files-2.1\org.springframework\spring-core\6.0.12\a55e70359371b03ee29dacd75c3b40d0baf3a656\spring-core-6.0.12.jar;C:\Users\Home\.gradle\caches\modules-2\files-2.1\jakarta.annotation\jakarta.annotation-api\2.1.1\48b9bda22b091b1f48b13af03fe36db3be6e1ae3\jakarta.annotation-api-2.1.1.jar;C:\Users\Home\.gradle\caches\modules-2\files-2.1\org.springframework.boot\spring-boot-starter-logging\3.1.4\e3533d7b6e2e9b5ca9b05dce2a9a2504aad5b889\spring-boot-starter-logging-3.1.4.jar;C:\Users\Home\.gradle\caches\modules-2\files-2.1\ch.qos.logback\logback-classic\1.4.11\54450c0c783e896a1a6d88c043bd2f1daba1c382\logback-classic-1.4.11.jar;C:\Users\Home\.gradle\caches\modules-2\files-2.1\org.apache.logging.log4j\log4j-to-slf4j\2.20.0\d37f81f8978e2672bc32c82712ab4b3f66624adc\log4j-to-slf4j-2.20.0.jar;C:\Users\Home\.gradle\caches\modules-2\files-2.1\org.slf4j\jul-to-slf4j\2.0.9\9ef7c70b248185845f013f49a33ff9ca65b7975\jul-to-slf4j-2.0.9.jar;C:\Users\Home\.gradle\caches\modules-2\files-2.1\org.slf4j\slf4j-api\2.0.9\7cf2726fdcfbc8610f9a71fb3ed639871f315340\slf4j-api-2.0.9.jar;C:\Users\Home\.gradle\caches\modules-2\files-2.1\org.yaml\snakeyaml\1.33\2cd0a87ff7df953f810c344bdf2fe3340b954c69\snakeyaml-1.33.jar;C:\Users\Home\.gradle\caches\modules-2\files-2.1\jakarta.validation\jakarta.validation-api\3.0.2\92b6631659ba35ca09e44874d3eb936edfeee532\jakarta.validation-api-3.0.2.jar;C:\Users\Home\.gradle\caches\modules-2\files-2.1\org.apache.tomcat.embed\tomcat-embed-websocket\10.1.13\540a79df9699435e4f7cb8983daab272d29d093f\tomcat-embed-websocket-10.1.13.jar;C:\Users\Home\.gradle\caches\modules-2\files-2.1\org.apache.tomcat.embed\tomcat-embed-core\10.1.13\6909967f2ed6c323108c2cc7f20586d6f7eb6455\tomcat-embed-core-10.1.13.jar;C:\Users\Home\.gradle\caches\modules-2\files-2.1\io.micrometer\micrometer-observation\1.11.4\1aa2f6ba1dae42c403543bd14ea5f302d7ed6d85\micrometer-observation-1.11.4.jar;C:\Users\Home\.gradle\caches\modules-2\files-2.1\org.eclipse.angus\angus-activation\2.0.1\eaafaf4eb71b400e4136fc3a286f50e34a68ecb7\angus-activation-2.0.1.jar;C:\Users\Home\.gradle\caches\modules-2\files-2.1\jakarta.activation\jakarta.activation-api\2.1.2\640c0d5aff45dbff1e1a1bc09673ff3a02b1ba12\jakarta.activation-api-2.1.2.jar;C:\Users\Home\.gradle\caches\modules-2\files-2.1\org.springframework\spring-jcl\6.0.12\44a1d1d105063d4eb9c5dc705245ef6fa4162520\spring-jcl-6.0.12.jar;C:\Users\Home\.gradle\caches\modules-2\files-2.1\io.micrometer\micrometer-commons\1.11.4\6dfbbc07ecad294bffacff0648d6eaa4de78f332\micrometer-commons-1.11.4.jar;C:\Users\Home\.gradle\caches\modules-2\files-2.1\org.springframework.security\spring-security-crypto\6.1.4\cc64beef9eb38993b6c3d46a633bef25700742e\spring-security-crypto-6.1.4.jar;C:\Users\Home\.gradle\caches\modules-2\files-2.1\org.glassfish.jaxb\txw2\4.0.3\47b8fe31c6d1a3382203af919400527389e01e9c\txw2-4.0.3.jar;C:\Users\Home\.gradle\caches\modules-2\files-2.1\com.sun.istack\istack-commons-runtime\4.1.2\18ec117c85f3ba0ac65409136afa8e42bc74e739\istack-commons-runtime-4.1.2.jar;C:\Users\Home\.gradle\caches\modules-2\files-2.1\ch.qos.logback\logback-core\1.4.11\2f9f280219a9922a74200eaf7138c4c17fb87c0f\logback-core-1.4.11.jar;C:\Users\Home\.gradle\caches\modules-2\files-2.1\org.apache.logging.log4j\log4j-api\2.20.0\1fe6082e660daf07c689a89c94dc0f49c26b44bb\log4j-api-2.20.0.jar;C:\Users\Home\.gradle\caches\modules-2\files-2.1\io.swagger.core.v3\swagger-annotations-jakarta\2.2.15\951eda18dbce0397347056aceff38d02710ec866\swagger-annotations-jakarta-2.2.15.jar
Launcher Type: SUN_STANDARD

[Global flags]
     intx CICompilerCount                          = 4                                         {product} {ergonomic}
     uint ConcGCThreads                            = 2                                         {product} {ergonomic}
     uint G1ConcRefinementThreads                  = 8                                         {product} {ergonomic}
   size_t G1HeapRegionSize                         = 2097152                                   {product} {ergonomic}
    uintx GCDrainStackTargetSize                   = 64                                        {product} {ergonomic}
   size_t InitialHeapSize                          = 268435456                                 {product} {ergonomic}
   size_t MarkStackSize                            = 4194304                                   {product} {ergonomic}
   size_t MaxHeapSize                              = 4276092928                                {product} {ergonomic}
   size_t MinHeapDeltaBytes                        = 2097152                                   {product} {ergonomic}
   size_t MinHeapSize                              = 8388608                                   {product} {ergonomic}
    uintx NonNMethodCodeHeapSize                   = 5839372                                {pd product} {ergonomic}
    uintx NonProfiledCodeHeapSize                  = 122909434                              {pd product} {ergonomic}
    uintx ProfiledCodeHeapSize                     = 122909434                              {pd product} {ergonomic}
    uintx ReservedCodeCacheSize                    = 251658240                              {pd product} {ergonomic}
     bool SegmentedCodeCache                       = true                                      {product} {ergonomic}
   size_t SoftMaxHeapSize                          = 4276092928                             {manageable} {ergonomic}
     bool UseCompressedClassPointers               = true                           {product lp64_product} {ergonomic}
     bool UseCompressedOops                        = true                           {product lp64_product} {ergonomic}
     bool UseG1GC                                  = true                                      {product} {ergonomic}
     bool UseLargePagesIndividualAllocation        = false                                  {pd product} {ergonomic}

Logging:
Log output configuration:
 #0: stdout all=warning uptime,level,tags foldmultilines=false
 #1: stderr all=off uptime,level,tags foldmultilines=false

Environment Variables:
JAVA_HOME=C:\Users\Home\.jdks\jdk-19.0.2
PATH=C:\Program Files\Common Files\Oracle\Java\javapath;C:\Users\Home\AppData\Local\Programs\Python\Python311\Scripts\;C:\Users\Home\AppData\Local\Programs\Python\Python311\;C:\Program Files\MySQL\MySQL Shell 8.0\bin\;C:\Users\Home\AppData\Local\Programs\Python\Python39\Scripts\;C:\Users\Home\AppData\Local\Programs\Python\Python39\;C:\WINDOWS\system32\config\systemprofile\AppData\Local\Microsoft\WindowsApps;C:\Users\Home\AppData\Local\Programs\Microsoft VS Code\bin;C:\MinGW\bin;C:\Program Files\Azure Data Studio\bin;C:\WINDOWS\system32\config\systemprofile\.dotnet\tools;C:\Users\Home\AppData\Roaming\Composer\vendor\bin;C:\Users\Home\AppData\Roaming\npm;C:\Program Files\apache-maven-3.9.0-bin\bin;C:\Users\Home\.jdks\jdk-19.0.2\bin;C:\Windows\System32\WindowsPowerShell\v1.0\;C:\Windows\System32\Wbem;C:\Windows\System32\;D:\Program Files\Git\bin;C:\Program Files\dotnet\;D:\Program Files\PuTTY\;C:\Program Files\PHP;C:\ProgramData\ComposerSetup\bin;D:\Program Files\nodejs\;C:\Program Files (x86)\Microsoft SQL Server\160\Tools\Binn\;C:\Program Files\Microsoft SQL Server\160\Tools\Binn\;C:\Program Files\Microsoft SQL Server\Client SDK\ODBC\170\Tools\Binn\;C:\Program Files\Microsoft SQL Server\160\DTS\Binn\;C:\Program Files (x86)\Microsoft SQL Server\160\DTS\Binn\;C:\Users\Home\AppData\Local\Programs\Python\Python311\Scripts\;C:\Users\Home\AppData\Local\Programs\Python\Python311\;C:\Program Files\MySQL\MySQL Shell 8.0\bin\;C:\Users\Home\AppData\Local\Programs\Python\Python39\Scripts\;C:\Users\Home\AppData\Local\Programs\Python\Python39\;C:\Users\Home\AppData\Local\Microsoft\WindowsApps;C:\Users\Home\AppData\Local\Programs\Microsoft VS Code\bin;C:\MinGW\bin;C:\Program Files\Azure Data Studio\bin;C:\Users\Home\AppData\Roaming\Composer\vendor\bin;C:\Program Files\apache-maven-3.9.0-bin\bin;C:\Users\Home\.jdks\jdk-19.0.2\bin;D:\Program Files\Git\bin;C:\Users\Home\.dotnet\tools;C:\Users\Home\.fly\bin;C:\Users\Home\AppData\Roaming\npm
USERNAME=Home
OS=Windows_NT
PROCESSOR_IDENTIFIER=Intel64 Family 6 Model 165 Stepping 3, GenuineIntel
TMP=C:\Users\Home\AppData\Local\Temp
TEMP=C:\Users\Home\AppData\Local\Temp



---------------  S Y S T E M  ---------------

OS:
 Windows 11 , 64 bit Build 22621 (10.0.22621.2428)
OS uptime: 1 days 10:01 hours
Hyper-V role detected

CPU: total 8 (initial active 8) (4 cores per cpu, 2 threads per core) family 6 model 165 stepping 3 microcode 0xf4, cx8, cmov, fxsr, ht, mmx, 3dnowpref, sse, sse2, sse3, ssse3, sse4.1, sse4.2, popcnt, lzcnt, tsc, tscinvbit, avx, avx2, aes, erms, clmul, bmi1, bmi2, adx, fma, vzeroupper, clflush, clflushopt, hv, rdtscp

Memory: 4k page, system-wide physical 16311M (1001M free)
TotalPageFile size 65463M (AvailPageFile size 60M)
current process WorkingSet (physical memory assigned to process): 11M, peak: 11M
current process commit charge ("private bytes"): 60M, peak: 316M

vm_info: OpenJDK 64-Bit Server VM (19.0.2+7-44) for windows-amd64 JRE (19.0.2+7-44), built on 2022-11-30T18:02:09Z by "mach5one" with MS VC++ 17.1 (VS2022)

END.
